<?xml version="1.0" encoding="utf-8"?><testsuites name="pytest tests"><testsuite name="pytest" errors="0" failures="0" skipped="0" tests="44" time="3.136" timestamp="2026-01-30T17:11:48.247782+08:00" hostname="gavin-virtual-machine"><testcase classname="unit_tests.api.test_authentication.TestAuthentication" name="test_auth" time="0.002" /><testcase classname="unit_tests.api.test_device.TestDevice" name="test_get_devices" time="0.001" /><testcase classname="unit_tests.api.test_driver.TestDriver" name="test_get_drivers" time="0.001" /><testcase classname="unit_tests.api.test_driver.TestDriver" name="test_get_driver" time="0.001" /><testcase classname="unit_tests.api.test_job.TestJob" name="test_submit_job" time="0.034" /><testcase classname="unit_tests.api.test_job.TestJob" name="test_get_job_results" time="0.002" /><testcase classname="unit_tests.api.test_transpiler.TestTranspiler" name="test_get_transpilers" time="0.001" /><testcase classname="unit_tests.api.test_version.TestVersion" name="test_version" time="0.001" /><testcase classname="unit_tests.common.test_library.TestLibrary" name="test_get_brief_description" time="0.001" /><testcase classname="unit_tests.drivers.test_device.TestDevice" name="test_get_driver" time="0.000" /><testcase classname="unit_tests.drivers.test_device_manager.TestDeviceManager" name="test_load_devices" time="0.002" /><testcase classname="unit_tests.drivers.test_driver_base.TestDriverBase" name="test_validate_driver" time="0.000" /><testcase classname="unit_tests.drivers.test_driver_dummy.TestDriverDummy" name="test_run" time="0.001" /><testcase classname="unit_tests.drivers.test_driver_hanyuan1.TestDriverHanyuan1" name="test_run" time="0.001" /><testcase classname="unit_tests.drivers.test_driver_manager.TestDriverManager" name="test_load_drivers" time="0.002" /><testcase classname="unit_tests.drivers.test_driver_qiskit_aer_sim.TestDriverQiskitAerSim" name="test_run" time="0.002" /><testcase classname="unit_tests.drivers.test_driver_qiskit_qasm_sim.TestDriverQiskitQasmSim" name="test_run" time="0.001" /><testcase classname="unit_tests.drivers.test_driver_spinq_nmr.TestDriverSpinQNmr" name="test_run" time="0.001" /><testcase classname="unit_tests.drivers.test_driver_spinq_rpc.TestDriverSpinQRpc" name="test_run" time="0.001" /><testcase classname="unit_tests.drivers.test_driver_tiangong100.TestDriverTiangong100" name="test_run" time="0.003" /><testcase classname="unit_tests.drivers.test_driver_tiangong_base.TestDriverTiangongBase" name="test_run" time="0.004" /><testcase classname="unit_tests.drivers.test_driver_uqc.TestDriverUqc" name="test_run" time="0.002" /><testcase classname="unit_tests.drivers.test_driver_wuyue_base.TestDriverWuyueBase" name="test_submit_tasks_success" time="0.001" /><testcase classname="unit_tests.engine.qubo.test_subqubo.TestSubQUBOMultiSolution" name="test_find_best_solution" time="0.001" /><testcase classname="unit_tests.engine.test_job_engine.TestJobEngine" name="test_run_code" time="0.001" /><testcase classname="unit_tests.task_manager.test_task_scheduler.TestTaskScheduler" name="test_get_result_by_id" time="0.001" /><testcase classname="unit_tests.transpiler.circuit.test_circuit_equiv.TestCircuitEquvChecker" name="test_circuit_equiv" time="0.013" /><testcase classname="unit_tests.transpiler.circuit.test_collect_blocks.TestCollectBlocks" name="test_collect_gates_from_dagcircuit_1" time="0.001" /><testcase classname="unit_tests.transpiler.circuit.test_op_shape.TestOpShape" name="test_op_shape" time="0.000" /><testcase classname="unit_tests.transpiler.circuit.test_operators.TestOperators" name="test_gate_matrix" time="0.003" /><testcase classname="unit_tests.transpiler.circuit.test_quantum_circuit.TestQuantumCircuit" name="test_quantum_circuit_init" time="0.000" /><testcase classname="unit_tests.transpiler.common.test_qasm_converter.TestQasmConverter" name="test_single_qubit_gates" time="0.029" /><testcase classname="unit_tests.transpiler.compiler.test_decompose.TestDecompose" name="test_decompose" time="0.016" /><testcase classname="unit_tests.transpiler.compiler.test_get_abs_tree.TestGetAbsTree" name="test_get_abs_tree" time="0.016" /><testcase classname="unit_tests.transpiler.compiler.test_get_ir.TestGetIr" name="test_get_ir" time="0.016" /><testcase classname="unit_tests.transpiler.compiler.test_performance.TestPerformance" name="test_compile_performance" time="0.000" /><testcase classname="unit_tests.transpiler.compiler.test_sample_qasm.TestSampleQasm" name="test_adder_qasm" time="0.016" /><testcase classname="unit_tests.transpiler.decomposer.test_decomposer.TestDecomposer" name="test_decompose_basis_only" time="0.002" /><testcase classname="unit_tests.transpiler.decomposer.test_equivalence_graph.TestEquivalenceRule" name="test_h_equivalence_u2" time="0.000" /><testcase classname="unit_tests.transpiler.decomposer.test_rule_applier.TestRuleApplier" name="test_apply_one_rule" time="0.002" /><testcase classname="unit_tests.transpiler.optimizer.test_gate_optimizer.TestGateOptimizer" name="test_pass_optimize_gate" time="0.018" /><testcase classname="unit_tests.transpiler.test_transpiler_cmss.TestTranspilerCmss" name="test_transpiler_cmss" time="0.022" /><testcase classname="unit_tests.transpiler.test_transpiler_qiskit.TestTranspilerQiskit" name="test_transpiler_qiskit" time="0.060" /><testcase classname="unit_tests.transpiler.wirecut.test_cut_wire.TestCutWire" name="test_cutwire_init_success" time="0.145" /></testsuite></testsuites>